<?xml version="1.0" encoding="UTF-8"?>
<robot generator="Robot 7.4.2 (Python 3.9.6 on darwin)" generated="2026-06-28T12:47:48.277195" rpa="false" schemaversion="5">
<suite id="s1" name="Click" source="/Users/cristianofeitosa/Documents/Projects/udemy/QAx/yodaapp-robot/tests/click.robot">
<test id="s1-t1" name="Deve realizar um click simples" line="9">
<kw name="Open Application" owner="AppiumLibrary">
<arg>http://localhost:4723</arg>
<arg>platformName=Android</arg>
<arg>deviceName=Android Emulator</arg>
<arg>automationName=UIAutomator2</arg>
<arg>app=${EXECDIR}/app/yodapp-beta.apk</arg>
<arg>uid=emulator-5554</arg>
<arg>autoGrantPermissions=true</arg>
<doc>Opens a new application to the given Appium server.
Capabilities of appium server, Android and iOS,
Please check https://appium.io/docs/en/2.19/guides/caps/
| *Option*            | *Man.* | *Description*     |
| remote_url          | Yes    | Appium server url |
| alias               | No     | alias             |</doc>
<status status="PASS" start="2026-06-28T12:47:48.413996" elapsed="4.231406"/>
</kw>
<kw name="Wait Until Page Contains" owner="AppiumLibrary">
<arg>${START}</arg>
<arg>5</arg>
<doc>Waits until the ``text`` appears on the current page.</doc>
<status status="PASS" start="2026-06-28T12:47:52.645668" elapsed="5.209757"/>
</kw>
<kw name="Click Text" owner="AppiumLibrary">
<msg time="2026-06-28T12:47:58.213306" level="INFO">xpath criteria: //*[contains(@text,"QAX")]</msg>
<arg>${START}</arg>
<doc>Clicks the text identified by ``text``.</doc>
<status status="PASS" start="2026-06-28T12:47:57.856724" elapsed="0.356741"/>
</kw>
<kw name="Set Variable" owner="BuiltIn">
<msg time="2026-06-28T12:47:58.214957" level="INFO">${hamburger} = xpath=//android.widget.ImageButton[@content-desc="Open navigation drawer"]</msg>
<var>${hamburger}</var>
<arg>xpath=//android.widget.ImageButton[@content-desc="Open navigation drawer"]</arg>
<doc>Returns the given values which can then be assigned to a variables.</doc>
<status status="PASS" start="2026-06-28T12:47:58.213894" elapsed="0.001119"/>
</kw>
<kw name="Wait Until Element Is Visible" owner="AppiumLibrary">
<msg time="2026-06-28T12:47:59.357845" level="INFO">xpath criteria: //android.widget.ImageButton[@content-desc="Open navigation drawer"]</msg>
<arg>${hamburger}</arg>
<arg>5</arg>
<doc>Waits until the element specified by the ``locator`` is visible.</doc>
<status status="PASS" start="2026-06-28T12:47:58.215267" elapsed="1.142645"/>
</kw>
<kw name="Click Element" owner="AppiumLibrary">
<msg time="2026-06-28T12:47:59.358882" level="INFO">Clicking element 'xpath=//android.widget.ImageButton[@content-desc="Open navigation drawer"]'.</msg>
<msg time="2026-06-28T12:47:59.460484" level="INFO">xpath criteria: //android.widget.ImageButton[@content-desc="Open navigation drawer"]</msg>
<arg>${hamburger}</arg>
<doc>Clicks the element identified by ``locator``.</doc>
<status status="PASS" start="2026-06-28T12:47:59.358055" elapsed="0.102500"/>
</kw>
<kw name="Set Variable" owner="BuiltIn">
<msg time="2026-06-28T12:47:59.460970" level="INFO">${menu_item} = xpath=//*[@resource-id="com.qaxperience.yodapp:id/navView"]//*[@text="Clique em Botões"]</msg>
<var>${menu_item}</var>
<arg>xpath=//*[@resource-id="com.qaxperience.yodapp:id/navView"]//*[@text="Clique em Botões"]</arg>
<doc>Returns the given values which can then be assigned to a variables.</doc>
<status status="PASS" start="2026-06-28T12:47:59.460704" elapsed="0.000286"/>
</kw>
<kw name="Wait Until Element Is Visible" owner="AppiumLibrary">
<msg time="2026-06-28T12:48:00.375486" level="INFO">xpath criteria: //*[@resource-id="com.qaxperience.yodapp:id/navView"]//*[@text="Clique em Botões"]</msg>
<arg>${menu_item}</arg>
<arg>5</arg>
<doc>Waits until the element specified by the ``locator`` is visible.</doc>
<status status="PASS" start="2026-06-28T12:47:59.461078" elapsed="0.914673"/>
</kw>
<kw name="Click Element" owner="AppiumLibrary">
<msg time="2026-06-28T12:48:00.378488" level="INFO">Clicking element 'xpath=//*[@resource-id="com.qaxperience.yodapp:id/navView"]//*[@text="Clique em Botões"]'.</msg>
<msg time="2026-06-28T12:48:00.511031" level="INFO">xpath criteria: //*[@resource-id="com.qaxperience.yodapp:id/navView"]//*[@text="Clique em Botões"]</msg>
<arg>${menu_item}</arg>
<doc>Clicks the element identified by ``locator``.</doc>
<status status="PASS" start="2026-06-28T12:48:00.376173" elapsed="0.135041"/>
</kw>
<kw name="Sleep" owner="BuiltIn">
<msg time="2026-06-28T12:48:05.513230" level="INFO">Slept 5 seconds.</msg>
<arg>5</arg>
<doc>Pauses the test executed for the given time.</doc>
<status status="PASS" start="2026-06-28T12:48:00.511612" elapsed="5.002073"/>
</kw>
<kw name="Close Application" owner="AppiumLibrary">
<doc>Closes the current application and the webdriver session.</doc>
<status status="PASS" start="2026-06-28T12:48:05.514317" elapsed="0.327497"/>
</kw>
<status status="PASS" start="2026-06-28T12:47:48.413353" elapsed="17.429369"/>
</test>
<status status="PASS" start="2026-06-28T12:47:48.277943" elapsed="17.565407"/>
</suite>
<statistics>
<total>
<stat pass="1" fail="0" skip="0">All Tests</stat>
</total>
<tag>
</tag>
<suite>
<stat name="Click" id="s1" pass="1" fail="0" skip="0">Click</stat>
</suite>
</statistics>
<errors>
</errors>
</robot>
